# JRE version: OpenJDK Runtime Environment Temurin-17.0.10+7 (17.0.10+7) (build 17.0.10+7)
# Java VM: OpenJDK 64-Bit Server VM Temurin-17.0.10+7 (17.0.10+7, mixed mode, tiered, compressed oops, compressed class ptrs, parallel gc, windows-amd64)
GC Precious Log:
 CPUs: 8 total, 8 available
 Memory: 24000M
 Large Page Support: Disabled
 NUMA Support: Disabled
 Compressed Oops: Enabled (32-bit)
 Alignments: Space 512K, Generation 512K, Heap 2M
 Heap Min Capacity: 100M
 Heap Initial Capacity: 100M
 Heap Max Capacity: 256M
 Pre-touch: Disabled
 Parallel Workers: 8
Heap:
 PSYoungGen      total 10240K, used 1236K [0x00000000fab00000, 0x00000000fb900000, 0x0000000100000000)
  eden space 8704K, 0% used [0x00000000fab00000,0x00000000fab00000,0x00000000fb380000)
  from space 1536K, 80% used [0x00000000fb780000,0x00000000fb8b5190,0x00000000fb900000)
  to   space 2048K, 0% used [0x00000000fb500000,0x00000000fb500000,0x00000000fb700000)
 ParOldGen       total 74240K, used 73213K [0x00000000f0000000, 0x00000000f4880000, 0x00000000fab00000)
  object space 74240K, 98% used [0x00000000f0000000,0x00000000f477f6b0,0x00000000f4880000)
 Metaspace       used 79180K, committed 80512K, reserved 1179648K
  class space    used 8121K, committed 8640K, reserved 1048576K
GC Heap History (20 events):
Event: 138.879 GC heap after
{Heap after GC invocations=94 (full 4):
 PSYoungGen      total 9728K, used 256K [0x00000000fab00000, 0x00000000fb680000, 0x0000000100000000)
  eden space 8704K, 0% used [0x00000000fab00000,0x00000000fab00000,0x00000000fb380000)
  from space 1024K, 25% used [0x00000000fb500000,0x00000000fb540000,0x00000000fb600000)
  to   space 512K, 0% used [0x00000000fb600000,0x00000000fb600000,0x00000000fb680000)
 ParOldGen       total 74240K, used 65149K [0x00000000f0000000, 0x00000000f4880000, 0x00000000fab00000)
  object space 74240K, 87% used [0x00000000f0000000,0x00000000f3f9f758,0x00000000f4880000)
 Metaspace       used 78642K, committed 80000K, reserved 1179648K
  class space    used 8081K, committed 8640K, reserved 1048576K
}
Event: 138.930 GC heap before
{Heap before GC invocations=95 (full 4):
 PSYoungGen      total 9728K, used 8959K [0x00000000fab00000, 0x00000000fb680000, 0x0000000100000000)
  eden space 8704K, 99% used [0x00000000fab00000,0x00000000fb37ffe0,0x00000000fb380000)
  from space 1024K, 25% used [0x00000000fb500000,0x00000000fb540000,0x00000000fb600000)
  to   space 512K, 0% used [0x00000000fb600000,0x00000000fb600000,0x00000000fb680000)
 ParOldGen       total 74240K, used 65149K [0x00000000f0000000, 0x00000000f4880000, 0x00000000fab00000)
  object space 74240K, 87% used [0x00000000f0000000,0x00000000f3f9f758,0x00000000f4880000)
 Metaspace       used 78660K, committed 80000K, reserved 1179648K
  class space    used 8081K, committed 8640K, reserved 1048576K
}
Event: 138.931 GC heap after
{Heap after GC invocations=95 (full 4):
 PSYoungGen      total 9216K, used 497K [0x00000000fab00000, 0x00000000fb680000, 0x0000000100000000)
  eden space 8704K, 0% used [0x00000000fab00000,0x00000000fab00000,0x00000000fb380000)
  from space 512K, 97% used [0x00000000fb600000,0x00000000fb67c6a8,0x00000000fb680000)
  to   space 1024K, 0% used [0x00000000fb480000,0x00000000fb480000,0x00000000fb580000)
 ParOldGen       total 74240K, used 65554K [0x00000000f0000000, 0x00000000f4880000, 0x00000000fab00000)
  object space 74240K, 88% used [0x00000000f0000000,0x00000000f4004bf8,0x00000000f4880000)
 Metaspace       used 78660K, committed 80000K, reserved 1179648K
  class space    used 8081K, committed 8640K, reserved 1048576K
}
Event: 139.294 GC heap before
{Heap before GC invocations=96 (full 4):
 PSYoungGen      total 9216K, used 9201K [0x00000000fab00000, 0x00000000fb680000, 0x0000000100000000)
  eden space 8704K, 100% used [0x00000000fab00000,0x00000000fb380000,0x00000000fb380000)
  from space 512K, 97% used [0x00000000fb600000,0x00000000fb67c6a8,0x00000000fb680000)
  to   space 1024K, 0% used [0x00000000fb480000,0x00000000fb480000,0x00000000fb580000)
 ParOldGen       total 74240K, used 65554K [0x00000000f0000000, 0x00000000f4880000, 0x00000000fab00000)
  object space 74240K, 88% used [0x00000000f0000000,0x00000000f4004bf8,0x00000000f4880000)
 Metaspace       used 78718K, committed 80000K, reserved 1179648K
  class space    used 8081K, committed 8640K, reserved 1048576K
}
Event: 139.295 GC heap after
{Heap after GC invocations=96 (full 4):
 PSYoungGen      total 9728K, used 992K [0x00000000fab00000, 0x00000000fb780000, 0x0000000100000000)
  eden space 8704K, 0% used [0x00000000fab00000,0x00000000fab00000,0x00000000fb380000)
  from space 1024K, 96% used [0x00000000fb480000,0x00000000fb578020,0x00000000fb580000)
  to   space 2048K, 0% used [0x00000000fb580000,0x00000000fb580000,0x00000000fb780000)
 ParOldGen       total 74240K, used 66164K [0x00000000f0000000, 0x00000000f4880000, 0x00000000fab00000)
  object space 74240K, 89% used [0x00000000f0000000,0x00000000f409d2b0,0x00000000f4880000)
 Metaspace       used 78718K, committed 80000K, reserved 1179648K
  class space    used 8081K, committed 8640K, reserved 1048576K
}
Event: 139.334 GC heap before
{Heap before GC invocations=97 (full 4):
 PSYoungGen      total 9728K, used 9696K [0x00000000fab00000, 0x00000000fb780000, 0x0000000100000000)
  eden space 8704K, 100% used [0x00000000fab00000,0x00000000fb380000,0x00000000fb380000)
  from space 1024K, 96% used [0x00000000fb480000,0x00000000fb578020,0x00000000fb580000)
  to   space 2048K, 0% used [0x00000000fb580000,0x00000000fb580000,0x00000000fb780000)
 ParOldGen       total 74240K, used 66164K [0x00000000f0000000, 0x00000000f4880000, 0x00000000fab00000)
  object space 74240K, 89% used [0x00000000f0000000,0x00000000f409d2b0,0x00000000f4880000)
 Metaspace       used 78744K, committed 80128K, reserved 1179648K
  class space    used 8081K, committed 8640K, reserved 1048576K
}
Event: 139.336 GC heap after
{Heap after GC invocations=97 (full 4):
 PSYoungGen      total 10240K, used 1120K [0x00000000fab00000, 0x00000000fb700000, 0x0000000100000000)
  eden space 8704K, 0% used [0x00000000fab00000,0x00000000fab00000,0x00000000fb380000)
  from space 1536K, 72% used [0x00000000fb580000,0x00000000fb698000,0x00000000fb700000)
  to   space 1536K, 0% used [0x00000000fb400000,0x00000000fb400000,0x00000000fb580000)
 ParOldGen       total 74240K, used 67147K [0x00000000f0000000, 0x00000000f4880000, 0x00000000fab00000)
  object space 74240K, 90% used [0x00000000f0000000,0x00000000f4192dc0,0x00000000f4880000)
 Metaspace       used 78744K, committed 80128K, reserved 1179648K
  class space    used 8081K, committed 8640K, reserved 1048576K
}
Event: 139.399 GC heap before
{Heap before GC invocations=98 (full 4):
 PSYoungGen      total 10240K, used 9824K [0x00000000fab00000, 0x00000000fb700000, 0x0000000100000000)
  eden space 8704K, 100% used [0x00000000fab00000,0x00000000fb380000,0x00000000fb380000)
  from space 1536K, 72% used [0x00000000fb580000,0x00000000fb698000,0x00000000fb700000)
  to   space 1536K, 0% used [0x00000000fb400000,0x00000000fb400000,0x00000000fb580000)
 ParOldGen       total 74240K, used 67147K [0x00000000f0000000, 0x00000000f4880000, 0x00000000fab00000)
  object space 74240K, 90% used [0x00000000f0000000,0x00000000f4192dc0,0x00000000f4880000)
 Metaspace       used 78753K, committed 80128K, reserved 1179648K
  class space    used 8081K, committed 8640K, reserved 1048576K
}
Event: 139.400 GC heap after
{Heap after GC invocations=98 (full 4):
 PSYoungGen      total 9216K, used 321K [0x00000000fab00000, 0x00000000fb600000, 0x0000000100000000)
  eden space 8704K, 0% used [0x00000000fab00000,0x00000000fab00000,0x00000000fb380000)
  from space 512K, 62% used [0x00000000fb400000,0x00000000fb450698,0x00000000fb480000)
  to   space 1024K, 0% used [0x00000000fb500000,0x00000000fb500000,0x00000000fb600000)
 ParOldGen       total 74240K, used 68179K [0x00000000f0000000, 0x00000000f4880000, 0x00000000fab00000)
  object space 74240K, 91% used [0x00000000f0000000,0x00000000f4294dc0,0x00000000f4880000)
 Metaspace       used 78753K, committed 80128K, reserved 1179648K
  class space    used 8081K, committed 8640K, reserved 1048576K
}
Event: 140.571 GC heap before
{Heap before GC invocations=99 (full 4):
 PSYoungGen      total 9216K, used 9025K [0x00000000fab00000, 0x00000000fb600000, 0x0000000100000000)
  eden space 8704K, 100% used [0x00000000fab00000,0x00000000fb380000,0x00000000fb380000)
  from space 512K, 62% used [0x00000000fb400000,0x00000000fb450698,0x00000000fb480000)
  to   space 1024K, 0% used [0x00000000fb500000,0x00000000fb500000,0x00000000fb600000)
 ParOldGen       total 74240K, used 68179K [0x00000000f0000000, 0x00000000f4880000, 0x00000000fab00000)
  object space 74240K, 91% used [0x00000000f0000000,0x00000000f4294dc0,0x00000000f4880000)
 Metaspace       used 78807K, committed 80192K, reserved 1179648K
  class space    used 8087K, committed 8640K, reserved 1048576K
}
Event: 140.572 GC heap after
{Heap after GC invocations=99 (full 4):
 PSYoungGen      total 9216K, used 224K [0x00000000fab00000, 0x00000000fb580000, 0x0000000100000000)
  eden space 8704K, 0% used [0x00000000fab00000,0x00000000fab00000,0x00000000fb380000)
  from space 512K, 43% used [0x00000000fb500000,0x00000000fb538000,0x00000000fb580000)
  to   space 512K, 0% used [0x00000000fb400000,0x00000000fb400000,0x00000000fb480000)
 ParOldGen       total 74240K, used 68235K [0x00000000f0000000, 0x00000000f4880000, 0x00000000fab00000)
  object space 74240K, 91% used [0x00000000f0000000,0x00000000f42a2dc0,0x00000000f4880000)
 Metaspace       used 78807K, committed 80192K, reserved 1179648K
  class space    used 8087K, committed 8640K, reserved 1048576K
}
Event: 140.641 GC heap before
{Heap before GC invocations=100 (full 4):
 PSYoungGen      total 9216K, used 8928K [0x00000000fab00000, 0x00000000fb580000, 0x0000000100000000)
  eden space 8704K, 100% used [0x00000000fab00000,0x00000000fb380000,0x00000000fb380000)
  from space 512K, 43% used [0x00000000fb500000,0x00000000fb538000,0x00000000fb580000)
  to   space 512K, 0% used [0x00000000fb400000,0x00000000fb400000,0x00000000fb480000)
 ParOldGen       total 74240K, used 68235K [0x00000000f0000000, 0x00000000f4880000, 0x00000000fab00000)
  object space 74240K, 91% used [0x00000000f0000000,0x00000000f42a2dc0,0x00000000f4880000)
 Metaspace       used 78878K, committed 80192K, reserved 1179648K
  class space    used 8092K, committed 8640K, reserved 1048576K
}
Event: 140.643 GC heap after
{Heap after GC invocations=100 (full 4):
 PSYoungGen      total 9216K, used 483K [0x00000000fab00000, 0x00000000fb780000, 0x0000000100000000)
  eden space 8704K, 0% used [0x00000000fab00000,0x00000000fab00000,0x00000000fb380000)
  from space 512K, 94% used [0x00000000fb400000,0x00000000fb478eb0,0x00000000fb480000)
  to   space 2048K, 0% used [0x00000000fb580000,0x00000000fb580000,0x00000000fb780000)
 ParOldGen       total 74240K, used 69431K [0x00000000f0000000, 0x00000000f4880000, 0x00000000fab00000)
  object space 74240K, 93% used [0x00000000f0000000,0x00000000f43cdd10,0x00000000f4880000)
 Metaspace       used 78878K, committed 80192K, reserved 1179648K
  class space    used 8092K, committed 8640K, reserved 1048576K
}
Event: 140.739 GC heap before
{Heap before GC invocations=101 (full 4):
 PSYoungGen      total 9216K, used 9185K [0x00000000fab00000, 0x00000000fb780000, 0x0000000100000000)
  eden space 8704K, 99% used [0x00000000fab00000,0x00000000fb37f6e0,0x00000000fb380000)
  from space 512K, 94% used [0x00000000fb400000,0x00000000fb478eb0,0x00000000fb480000)
  to   space 2048K, 0% used [0x00000000fb580000,0x00000000fb580000,0x00000000fb780000)
 ParOldGen       total 74240K, used 69431K [0x00000000f0000000, 0x00000000f4880000, 0x00000000fab00000)
  object space 74240K, 93% used [0x00000000f0000000,0x00000000f43cdd10,0x00000000f4880000)
 Metaspace       used 79107K, committed 80448K, reserved 1179648K
  class space    used 8121K, committed 8640K, reserved 1048576K
}
Event: 140.741 GC heap after
{Heap after GC invocations=101 (full 4):
 PSYoungGen      total 9728K, used 816K [0x00000000fab00000, 0x00000000fb680000, 0x0000000100000000)
  eden space 8704K, 0% used [0x00000000fab00000,0x00000000fab00000,0x00000000fb380000)
  from space 1024K, 79% used [0x00000000fb580000,0x00000000fb64c358,0x00000000fb680000)
  to   space 1536K, 0% used [0x00000000fb380000,0x00000000fb380000,0x00000000fb500000)
 ParOldGen       total 74240K, used 69946K [0x00000000f0000000, 0x00000000f4880000, 0x00000000fab00000)
  object space 74240K, 94% used [0x00000000f0000000,0x00000000f444ebc0,0x00000000f4880000)
 Metaspace       used 79107K, committed 80448K, reserved 1179648K
  class space    used 8121K, committed 8640K, reserved 1048576K
}
Event: 140.828 GC heap before
{Heap before GC invocations=102 (full 4):
 PSYoungGen      total 9728K, used 9520K [0x00000000fab00000, 0x00000000fb680000, 0x0000000100000000)
  eden space 8704K, 100% used [0x00000000fab00000,0x00000000fb380000,0x00000000fb380000)
  from space 1024K, 79% used [0x00000000fb580000,0x00000000fb64c358,0x00000000fb680000)
  to   space 1536K, 0% used [0x00000000fb380000,0x00000000fb380000,0x00000000fb500000)
 ParOldGen       total 74240K, used 69946K [0x00000000f0000000, 0x00000000f4880000, 0x00000000fab00000)
  object space 74240K, 94% used [0x00000000f0000000,0x00000000f444ebc0,0x00000000f4880000)
 Metaspace       used 79144K, committed 80448K, reserved 1179648K
  class space    used 8121K, committed 8640K, reserved 1048576K
}
Event: 140.831 GC heap after
{Heap after GC invocations=102 (full 4):
 PSYoungGen      total 10240K, used 1509K [0x00000000fab00000, 0x00000000fbb80000, 0x0000000100000000)
  eden space 8704K, 0% used [0x00000000fab00000,0x00000000fab00000,0x00000000fb380000)
  from space 1536K, 98% used [0x00000000fb380000,0x00000000fb4f96c8,0x00000000fb500000)
  to   space 4096K, 0% used [0x00000000fb780000,0x00000000fb780000,0x00000000fbb80000)
 ParOldGen       total 74240K, used 71665K [0x00000000f0000000, 0x00000000f4880000, 0x00000000fab00000)
  object space 74240K, 96% used [0x00000000f0000000,0x00000000f45fc4e8,0x00000000f4880000)
 Metaspace       used 79144K, committed 80448K, reserved 1179648K
  class space    used 8121K, committed 8640K, reserved 1048576K
}
Event: 141.158 GC heap before
{Heap before GC invocations=103 (full 4):
 PSYoungGen      total 10240K, used 10213K [0x00000000fab00000, 0x00000000fbb80000, 0x0000000100000000)
  eden space 8704K, 100% used [0x00000000fab00000,0x00000000fb380000,0x00000000fb380000)
  from space 1536K, 98% used [0x00000000fb380000,0x00000000fb4f96c8,0x00000000fb500000)
  to   space 4096K, 0% used [0x00000000fb780000,0x00000000fb780000,0x00000000fbb80000)
 ParOldGen       total 74240K, used 71665K [0x00000000f0000000, 0x00000000f4880000, 0x00000000fab00000)
  object space 74240K, 96% used [0x00000000f0000000,0x00000000f45fc4e8,0x00000000f4880000)
 Metaspace       used 79180K, committed 80512K, reserved 1179648K
  class space    used 8121K, committed 8640K, reserved 1048576K
}
Event: 141.160 GC heap after
{Heap after GC invocations=103 (full 4):
 PSYoungGen      total 10240K, used 1236K [0x00000000fab00000, 0x00000000fb900000, 0x0000000100000000)
  eden space 8704K, 0% used [0x00000000fab00000,0x00000000fab00000,0x00000000fb380000)
  from space 1536K, 80% used [0x00000000fb780000,0x00000000fb8b5190,0x00000000fb900000)
  to   space 2048K, 0% used [0x00000000fb500000,0x00000000fb500000,0x00000000fb700000)
 ParOldGen       total 74240K, used 73213K [0x00000000f0000000, 0x00000000f4880000, 0x00000000fab00000)
  object space 74240K, 98% used [0x00000000f0000000,0x00000000f477f6b0,0x00000000f4880000)
 Metaspace       used 79180K, committed 80512K, reserved 1179648K
  class space    used 8121K, committed 8640K, reserved 1048576K
}
Event: 141.160 GC heap before
{Heap before GC invocations=104 (full 5):
 PSYoungGen      total 10240K, used 1236K [0x00000000fab00000, 0x00000000fb900000, 0x0000000100000000)
  eden space 8704K, 0% used [0x00000000fab00000,0x00000000fab00000,0x00000000fb380000)
  from space 1536K, 80% used [0x00000000fb780000,0x00000000fb8b5190,0x00000000fb900000)
  to   space 2048K, 0% used [0x00000000fb500000,0x00000000fb500000,0x00000000fb700000)
 ParOldGen       total 74240K, used 73213K [0x00000000f0000000, 0x00000000f4880000, 0x00000000fab00000)
  object space 74240K, 98% used [0x00000000f0000000,0x00000000f477f6b0,0x00000000f4880000)
 Metaspace       used 79180K, committed 80512K, reserved 1179648K
  class space    used 8121K, committed 8640K, reserved 1048576K
}

