# JRE version: OpenJDK Runtime Environment Temurin-17.0.10+7 (17.0.10+7) (build 17.0.10+7)
# Java VM: OpenJDK 64-Bit Server VM Temurin-17.0.10+7 (17.0.10+7, mixed mode, tiered, compressed oops, compressed class ptrs, parallel gc, windows-amd64)
GC Precious Log:
 CPUs: 8 total, 8 available
 Memory: 24000M
 Large Page Support: Disabled
 NUMA Support: Disabled
 Compressed Oops: Enabled (32-bit)
 Alignments: Space 512K, Generation 512K, Heap 2M
 Heap Min Capacity: 100M
 Heap Initial Capacity: 100M
 Heap Max Capacity: 256M
 Pre-touch: Disabled
 Parallel Workers: 8
Heap:
 PSYoungGen      total 25088K, used 13312K [0x00000000fab00000, 0x00000000fcf80000, 0x0000000100000000)
  eden space 13312K, 100% used [0x00000000fab00000,0x00000000fb800000,0x00000000fb800000)
  from space 11776K, 0% used [0x00000000fc380000,0x00000000fc380000,0x00000000fcf00000)
  to   space 11776K, 0% used [0x00000000fb800000,0x00000000fb800000,0x00000000fc380000)
 ParOldGen       total 175104K, used 174642K [0x00000000f0000000, 0x00000000fab00000, 0x00000000fab00000)
  object space 175104K, 99% used [0x00000000f0000000,0x00000000faa8ca30,0x00000000fab00000)
 Metaspace       used 78928K, committed 80256K, reserved 1179648K
  class space    used 8215K, committed 8768K, reserved 1048576K
GC Heap History (20 events):
Event: 184.668 GC heap after
{Heap after GC invocations=1349 (full 959):
 PSYoungGen      total 25088K, used 13311K [0x00000000fab00000, 0x00000000fcf80000, 0x0000000100000000)
  eden space 13312K, 99% used [0x00000000fab00000,0x00000000fb7fff48,0x00000000fb800000)
  from space 11776K, 0% used [0x00000000fb800000,0x00000000fb800000,0x00000000fc380000)
  to   space 11776K, 0% used [0x00000000fc380000,0x00000000fc380000,0x00000000fcf00000)
 ParOldGen       total 175104K, used 174630K [0x00000000f0000000, 0x00000000fab00000, 0x00000000fab00000)
  object space 175104K, 99% used [0x00000000f0000000,0x00000000faa89980,0x00000000fab00000)
 Metaspace       used 78928K, committed 80256K, reserved 1179648K
  class space    used 8215K, committed 8768K, reserved 1048576K
}
Event: 184.668 GC heap before
{Heap before GC invocations=1350 (full 960):
 PSYoungGen      total 25088K, used 13311K [0x00000000fab00000, 0x00000000fcf80000, 0x0000000100000000)
  eden space 13312K, 99% used [0x00000000fab00000,0x00000000fb7ffff8,0x00000000fb800000)
  from space 11776K, 0% used [0x00000000fb800000,0x00000000fb800000,0x00000000fc380000)
  to   space 11776K, 0% used [0x00000000fc380000,0x00000000fc380000,0x00000000fcf00000)
 ParOldGen       total 175104K, used 174630K [0x00000000f0000000, 0x00000000fab00000, 0x00000000fab00000)
  object space 175104K, 99% used [0x00000000f0000000,0x00000000faa89980,0x00000000fab00000)
 Metaspace       used 78928K, committed 80256K, reserved 1179648K
  class space    used 8215K, committed 8768K, reserved 1048576K
}
Event: 184.782 GC heap after
{Heap after GC invocations=1350 (full 960):
 PSYoungGen      total 25088K, used 13311K [0x00000000fab00000, 0x00000000fcf80000, 0x0000000100000000)
  eden space 13312K, 99% used [0x00000000fab00000,0x00000000fb7fffb0,0x00000000fb800000)
  from space 11776K, 0% used [0x00000000fc380000,0x00000000fc380000,0x00000000fcf00000)
  to   space 11776K, 0% used [0x00000000fb800000,0x00000000fb800000,0x00000000fc380000)
 ParOldGen       total 175104K, used 174630K [0x00000000f0000000, 0x00000000fab00000, 0x00000000fab00000)
  object space 175104K, 99% used [0x00000000f0000000,0x00000000faa89910,0x00000000fab00000)
 Metaspace       used 78928K, committed 80256K, reserved 1179648K
  class space    used 8215K, committed 8768K, reserved 1048576K
}
Event: 184.782 GC heap before
{Heap before GC invocations=1351 (full 961):
 PSYoungGen      total 25088K, used 13311K [0x00000000fab00000, 0x00000000fcf80000, 0x0000000100000000)
  eden space 13312K, 99% used [0x00000000fab00000,0x00000000fb7ffff8,0x00000000fb800000)
  from space 11776K, 0% used [0x00000000fc380000,0x00000000fc380000,0x00000000fcf00000)
  to   space 11776K, 0% used [0x00000000fb800000,0x00000000fb800000,0x00000000fc380000)
 ParOldGen       total 175104K, used 174630K [0x00000000f0000000, 0x00000000fab00000, 0x00000000fab00000)
  object space 175104K, 99% used [0x00000000f0000000,0x00000000faa89910,0x00000000fab00000)
 Metaspace       used 78928K, committed 80256K, reserved 1179648K
  class space    used 8215K, committed 8768K, reserved 1048576K
}
Event: 184.905 GC heap after
{Heap after GC invocations=1351 (full 961):
 PSYoungGen      total 25088K, used 13311K [0x00000000fab00000, 0x00000000fcf80000, 0x0000000100000000)
  eden space 13312K, 99% used [0x00000000fab00000,0x00000000fb7fff48,0x00000000fb800000)
  from space 11776K, 0% used [0x00000000fb800000,0x00000000fb800000,0x00000000fc380000)
  to   space 11776K, 0% used [0x00000000fc380000,0x00000000fc380000,0x00000000fcf00000)
 ParOldGen       total 175104K, used 174630K [0x00000000f0000000, 0x00000000fab00000, 0x00000000fab00000)
  object space 175104K, 99% used [0x00000000f0000000,0x00000000faa89910,0x00000000fab00000)
 Metaspace       used 78928K, committed 80256K, reserved 1179648K
  class space    used 8215K, committed 8768K, reserved 1048576K
}
Event: 184.905 GC heap before
{Heap before GC invocations=1352 (full 962):
 PSYoungGen      total 25088K, used 13311K [0x00000000fab00000, 0x00000000fcf80000, 0x0000000100000000)
  eden space 13312K, 99% used [0x00000000fab00000,0x00000000fb7fffe8,0x00000000fb800000)
  from space 11776K, 0% used [0x00000000fb800000,0x00000000fb800000,0x00000000fc380000)
  to   space 11776K, 0% used [0x00000000fc380000,0x00000000fc380000,0x00000000fcf00000)
 ParOldGen       total 175104K, used 174630K [0x00000000f0000000, 0x00000000fab00000, 0x00000000fab00000)
  object space 175104K, 99% used [0x00000000f0000000,0x00000000faa89910,0x00000000fab00000)
 Metaspace       used 78928K, committed 80256K, reserved 1179648K
  class space    used 8215K, committed 8768K, reserved 1048576K
}
Event: 185.024 GC heap after
{Heap after GC invocations=1352 (full 962):
 PSYoungGen      total 25088K, used 13311K [0x00000000fab00000, 0x00000000fcf80000, 0x0000000100000000)
  eden space 13312K, 99% used [0x00000000fab00000,0x00000000fb7fff50,0x00000000fb800000)
  from space 11776K, 0% used [0x00000000fc380000,0x00000000fc380000,0x00000000fcf00000)
  to   space 11776K, 0% used [0x00000000fb800000,0x00000000fb800000,0x00000000fc380000)
 ParOldGen       total 175104K, used 174630K [0x00000000f0000000, 0x00000000fab00000, 0x00000000fab00000)
  object space 175104K, 99% used [0x00000000f0000000,0x00000000faa89880,0x00000000fab00000)
 Metaspace       used 78928K, committed 80256K, reserved 1179648K
  class space    used 8215K, committed 8768K, reserved 1048576K
}
Event: 185.025 GC heap before
{Heap before GC invocations=1353 (full 963):
 PSYoungGen      total 25088K, used 13311K [0x00000000fab00000, 0x00000000fcf80000, 0x0000000100000000)
  eden space 13312K, 99% used [0x00000000fab00000,0x00000000fb7ffff8,0x00000000fb800000)
  from space 11776K, 0% used [0x00000000fc380000,0x00000000fc380000,0x00000000fcf00000)
  to   space 11776K, 0% used [0x00000000fb800000,0x00000000fb800000,0x00000000fc380000)
 ParOldGen       total 175104K, used 174630K [0x00000000f0000000, 0x00000000fab00000, 0x00000000fab00000)
  object space 175104K, 99% used [0x00000000f0000000,0x00000000faa89880,0x00000000fab00000)
 Metaspace       used 78928K, committed 80256K, reserved 1179648K
  class space    used 8215K, committed 8768K, reserved 1048576K
}
Event: 185.139 GC heap after
{Heap after GC invocations=1353 (full 963):
 PSYoungGen      total 25088K, used 13311K [0x00000000fab00000, 0x00000000fcf80000, 0x0000000100000000)
  eden space 13312K, 99% used [0x00000000fab00000,0x00000000fb7ffff8,0x00000000fb800000)
  from space 11776K, 0% used [0x00000000fb800000,0x00000000fb800000,0x00000000fc380000)
  to   space 11776K, 0% used [0x00000000fc380000,0x00000000fc380000,0x00000000fcf00000)
 ParOldGen       total 175104K, used 174630K [0x00000000f0000000, 0x00000000fab00000, 0x00000000fab00000)
  object space 175104K, 99% used [0x00000000f0000000,0x00000000faa89860,0x00000000fab00000)
 Metaspace       used 78928K, committed 80256K, reserved 1179648K
  class space    used 8215K, committed 8768K, reserved 1048576K
}
Event: 185.141 GC heap before
{Heap before GC invocations=1354 (full 964):
 PSYoungGen      total 25088K, used 13311K [0x00000000fab00000, 0x00000000fcf80000, 0x0000000100000000)
  eden space 13312K, 99% used [0x00000000fab00000,0x00000000fb7ffff8,0x00000000fb800000)
  from space 11776K, 0% used [0x00000000fb800000,0x00000000fb800000,0x00000000fc380000)
  to   space 11776K, 0% used [0x00000000fc380000,0x00000000fc380000,0x00000000fcf00000)
 ParOldGen       total 175104K, used 174632K [0x00000000f0000000, 0x00000000fab00000, 0x00000000fab00000)
  object space 175104K, 99% used [0x00000000f0000000,0x00000000faa8a300,0x00000000fab00000)
 Metaspace       used 78928K, committed 80256K, reserved 1179648K
  class space    used 8215K, committed 8768K, reserved 1048576K
}
Event: 185.264 GC heap after
{Heap after GC invocations=1354 (full 964):
 PSYoungGen      total 25088K, used 13311K [0x00000000fab00000, 0x00000000fcf80000, 0x0000000100000000)
  eden space 13312K, 99% used [0x00000000fab00000,0x00000000fb7ffff8,0x00000000fb800000)
  from space 11776K, 0% used [0x00000000fc380000,0x00000000fc380000,0x00000000fcf00000)
  to   space 11776K, 0% used [0x00000000fb800000,0x00000000fb800000,0x00000000fc380000)
 ParOldGen       total 175104K, used 174632K [0x00000000f0000000, 0x00000000fab00000, 0x00000000fab00000)
  object space 175104K, 99% used [0x00000000f0000000,0x00000000faa8a1f8,0x00000000fab00000)
 Metaspace       used 78928K, committed 80256K, reserved 1179648K
  class space    used 8215K, committed 8768K, reserved 1048576K
}
Event: 185.265 GC heap before
{Heap before GC invocations=1355 (full 965):
 PSYoungGen      total 25088K, used 13311K [0x00000000fab00000, 0x00000000fcf80000, 0x0000000100000000)
  eden space 13312K, 99% used [0x00000000fab00000,0x00000000fb7ffff8,0x00000000fb800000)
  from space 11776K, 0% used [0x00000000fc380000,0x00000000fc380000,0x00000000fcf00000)
  to   space 11776K, 0% used [0x00000000fb800000,0x00000000fb800000,0x00000000fc380000)
 ParOldGen       total 175104K, used 174639K [0x00000000f0000000, 0x00000000fab00000, 0x00000000fab00000)
  object space 175104K, 99% used [0x00000000f0000000,0x00000000faa8bef8,0x00000000fab00000)
 Metaspace       used 78928K, committed 80256K, reserved 1179648K
  class space    used 8215K, committed 8768K, reserved 1048576K
}
Event: 185.382 GC heap after
{Heap after GC invocations=1355 (full 965):
 PSYoungGen      total 25088K, used 13311K [0x00000000fab00000, 0x00000000fcf80000, 0x0000000100000000)
  eden space 13312K, 99% used [0x00000000fab00000,0x00000000fb7ffff8,0x00000000fb800000)
  from space 11776K, 0% used [0x00000000fb800000,0x00000000fb800000,0x00000000fc380000)
  to   space 11776K, 0% used [0x00000000fc380000,0x00000000fc380000,0x00000000fcf00000)
 ParOldGen       total 175104K, used 174639K [0x00000000f0000000, 0x00000000fab00000, 0x00000000fab00000)
  object space 175104K, 99% used [0x00000000f0000000,0x00000000faa8bdd8,0x00000000fab00000)
 Metaspace       used 78928K, committed 80256K, reserved 1179648K
  class space    used 8215K, committed 8768K, reserved 1048576K
}
Event: 185.383 GC heap before
{Heap before GC invocations=1356 (full 966):
 PSYoungGen      total 25088K, used 13311K [0x00000000fab00000, 0x00000000fcf80000, 0x0000000100000000)
  eden space 13312K, 99% used [0x00000000fab00000,0x00000000fb7ffff8,0x00000000fb800000)
  from space 11776K, 0% used [0x00000000fb800000,0x00000000fb800000,0x00000000fc380000)
  to   space 11776K, 0% used [0x00000000fc380000,0x00000000fc380000,0x00000000fcf00000)
 ParOldGen       total 175104K, used 174642K [0x00000000f0000000, 0x00000000fab00000, 0x00000000fab00000)
  object space 175104K, 99% used [0x00000000f0000000,0x00000000faa8c870,0x00000000fab00000)
 Metaspace       used 78928K, committed 80256K, reserved 1179648K
  class space    used 8215K, committed 8768K, reserved 1048576K
}
Event: 185.499 GC heap after
{Heap after GC invocations=1356 (full 966):
 PSYoungGen      total 25088K, used 13311K [0x00000000fab00000, 0x00000000fcf80000, 0x0000000100000000)
  eden space 13312K, 99% used [0x00000000fab00000,0x00000000fb7fff30,0x00000000fb800000)
  from space 11776K, 0% used [0x00000000fc380000,0x00000000fc380000,0x00000000fcf00000)
  to   space 11776K, 0% used [0x00000000fb800000,0x00000000fb800000,0x00000000fc380000)
 ParOldGen       total 175104K, used 174639K [0x00000000f0000000, 0x00000000fab00000, 0x00000000fab00000)
  object space 175104K, 99% used [0x00000000f0000000,0x00000000faa8bd90,0x00000000fab00000)
 Metaspace       used 78928K, committed 80256K, reserved 1179648K
  class space    used 8215K, committed 8768K, reserved 1048576K
}
Event: 185.499 GC heap before
{Heap before GC invocations=1357 (full 967):
 PSYoungGen      total 25088K, used 13312K [0x00000000fab00000, 0x00000000fcf80000, 0x0000000100000000)
  eden space 13312K, 100% used [0x00000000fab00000,0x00000000fb800000,0x00000000fb800000)
  from space 11776K, 0% used [0x00000000fc380000,0x00000000fc380000,0x00000000fcf00000)
  to   space 11776K, 0% used [0x00000000fb800000,0x00000000fb800000,0x00000000fc380000)
 ParOldGen       total 175104K, used 174639K [0x00000000f0000000, 0x00000000fab00000, 0x00000000fab00000)
  object space 175104K, 99% used [0x00000000f0000000,0x00000000faa8bd90,0x00000000fab00000)
 Metaspace       used 78928K, committed 80256K, reserved 1179648K
  class space    used 8215K, committed 8768K, reserved 1048576K
}
Event: 185.618 GC heap after
{Heap after GC invocations=1357 (full 967):
 PSYoungGen      total 25088K, used 13311K [0x00000000fab00000, 0x00000000fcf80000, 0x0000000100000000)
  eden space 13312K, 99% used [0x00000000fab00000,0x00000000fb7fffd0,0x00000000fb800000)
  from space 11776K, 0% used [0x00000000fb800000,0x00000000fb800000,0x00000000fc380000)
  to   space 11776K, 0% used [0x00000000fc380000,0x00000000fc380000,0x00000000fcf00000)
 ParOldGen       total 175104K, used 174639K [0x00000000f0000000, 0x00000000fab00000, 0x00000000fab00000)
  object space 175104K, 99% used [0x00000000f0000000,0x00000000faa8bd10,0x00000000fab00000)
 Metaspace       used 78928K, committed 80256K, reserved 1179648K
  class space    used 8215K, committed 8768K, reserved 1048576K
}
Event: 185.618 GC heap before
{Heap before GC invocations=1358 (full 968):
 PSYoungGen      total 25088K, used 13311K [0x00000000fab00000, 0x00000000fcf80000, 0x0000000100000000)
  eden space 13312K, 99% used [0x00000000fab00000,0x00000000fb7ffff0,0x00000000fb800000)
  from space 11776K, 0% used [0x00000000fb800000,0x00000000fb800000,0x00000000fc380000)
  to   space 11776K, 0% used [0x00000000fc380000,0x00000000fc380000,0x00000000fcf00000)
 ParOldGen       total 175104K, used 174639K [0x00000000f0000000, 0x00000000fab00000, 0x00000000fab00000)
  object space 175104K, 99% used [0x00000000f0000000,0x00000000faa8bd10,0x00000000fab00000)
 Metaspace       used 78928K, committed 80256K, reserved 1179648K
  class space    used 8215K, committed 8768K, reserved 1048576K
}
Event: 185.732 GC heap after
{Heap after GC invocations=1358 (full 968):
 PSYoungGen      total 25088K, used 13311K [0x00000000fab00000, 0x00000000fcf80000, 0x0000000100000000)
  eden space 13312K, 99% used [0x00000000fab00000,0x00000000fb7ffff0,0x00000000fb800000)
  from space 11776K, 0% used [0x00000000fc380000,0x00000000fc380000,0x00000000fcf00000)
  to   space 11776K, 0% used [0x00000000fb800000,0x00000000fb800000,0x00000000fc380000)
 ParOldGen       total 175104K, used 174639K [0x00000000f0000000, 0x00000000fab00000, 0x00000000fab00000)
  object space 175104K, 99% used [0x00000000f0000000,0x00000000faa8bd10,0x00000000fab00000)
 Metaspace       used 78928K, committed 80256K, reserved 1179648K
  class space    used 8215K, committed 8768K, reserved 1048576K
}
Event: 185.732 GC heap before
{Heap before GC invocations=1359 (full 969):
 PSYoungGen      total 25088K, used 13312K [0x00000000fab00000, 0x00000000fcf80000, 0x0000000100000000)
  eden space 13312K, 100% used [0x00000000fab00000,0x00000000fb800000,0x00000000fb800000)
  from space 11776K, 0% used [0x00000000fc380000,0x00000000fc380000,0x00000000fcf00000)
  to   space 11776K, 0% used [0x00000000fb800000,0x00000000fb800000,0x00000000fc380000)
 ParOldGen       total 175104K, used 174642K [0x00000000f0000000, 0x00000000fab00000, 0x00000000fab00000)
  object space 175104K, 99% used [0x00000000f0000000,0x00000000faa8ca30,0x00000000fab00000)
 Metaspace       used 78928K, committed 80256K, reserved 1179648K
  class space    used 8215K, committed 8768K, reserved 1048576K
}

